#
# A fatal error has been detected by the Java Runtime Environment:
#
#  Internal Error (t:/workspace/open/src/hotspot/share/runtime/signature.cpp:53), pid=16328, tid=2712
#  fatal error: expecting (
#
# JRE version: Java(TM) SE Runtime Environment (12.0.1+12) (build 12.0.1+12)
# Java VM: Java HotSpot(TM) 64-Bit Server VM (12.0.1+12, mixed mode, sharing, tiered, compressed oops, g1 gc, windows-amd64)
# No core dump will be written. Minidumps are not enabled by default on client versions of Windows
#
# If you would like to submit a bug report, please visit:
#   http://bugreport.java.com/bugreport/crash.jsp
#

---------------  S U M M A R Y ------------

Command Line: -XX:TieredStopAtLevel=1 -Xverify:none -Dspring.output.ansi.enabled=always -Dcom.sun.management.jmxremote -Dspring.liveBeansView.mbeanDomain -Dspring.application.admin.enabled=true -javaagent:C:\Program Files\JetBrains\IntelliJ IDEA 2019.1\lib\idea_rt.jar=64307:C:\Program Files\JetBrains\IntelliJ IDEA 2019.1\bin -Dfile.encoding=UTF-8 Application

Host: Intel(R) Core(TM)2 Quad CPU    Q9550  @ 2.83GHz, 4 cores, 7G,  Windows 10 , 64 bit Build 17763 (10.0.17763.437)
Time: Sat Apr 20 19:16:09 2019 Aaea?onu (ceia) elapsed time: 3 seconds (0d 0h 0m 3s)

---------------  T H R E A D  ---------------

Current thread (0x000002300e8a2800):  JavaThread "main" [_thread_in_vm, id=2712, stack(0x00000095d3400000,0x00000095d3500000)]

Stack: [0x00000095d3400000,0x00000095d3500000]
Native frames: (J=compiled Java code, j=interpreted, Vv=VM code, C=native code)
V  [jvm.dll+0x63948a]
V  [jvm.dll+0x78b31f]
V  [jvm.dll+0x78c9c1]
V  [jvm.dll+0x78cfc7]
V  [jvm.dll+0x261eb4]
V  [jvm.dll+0x6c00e7]
V  [jvm.dll+0x2e50a0]
V  [jvm.dll+0x39748f]
V  [jvm.dll+0x396c83]
C  0x0000023016cbd4b5

Java frames: (J=compiled Java code, j=interpreted, Vv=VM code)
j  org.apache.catalina.core.ContainerBase.getLogName()Ljava/lang/String;+49
j  org.apache.catalina.core.ContainerBase.getLogger()Lorg/apache/juli/logging/Log;+14
j  org.apache.catalina.core.ContainerBase.startInternal()V+6
j  org.apache.catalina.core.StandardEngine.startInternal()V+41
j  org.apache.catalina.util.LifecycleBase.start()V+210
j  org.apache.catalina.core.StandardService.startInternal()V+63
j  org.apache.catalina.util.LifecycleBase.start()V+210
j  org.apache.catalina.core.StandardServer.startInternal()V+45
j  org.apache.catalina.util.LifecycleBase.start()V+210
j  org.apache.catalina.startup.Tomcat.start()V+14
j  org.springframework.boot.context.embedded.tomcat.TomcatEmbeddedServletContainer.initialize()V+50
j  org.springframework.boot.context.embedded.tomcat.TomcatEmbeddedServletContainer.<init>(Lorg/apache/catalina/startup/Tomcat;Z)V+43
j  org.springframework.boot.context.embedded.tomcat.TomcatEmbeddedServletContainerFactory.getTomcatEmbeddedServletContainer(Lorg/apache/catalina/startup/Tomcat;)Lorg/springframework/boot/context/embedded/tomcat/TomcatEmbeddedServletContainer;+17
j  org.springframework.boot.context.embedded.tomcat.TomcatEmbeddedServletContainerFactory.getEmbeddedServletContainer([Lorg/springframework/boot/web/servlet/ServletContextInitializer;)Lorg/springframework/boot/context/embedded/EmbeddedServletContainer;+149
j  org.springframework.boot.context.embedded.EmbeddedWebApplicationContext.createEmbeddedServletContainer()V+36
j  org.springframework.boot.context.embedded.EmbeddedWebApplicationContext.onRefresh()V+5
j  org.springframework.context.support.AbstractApplicationContext.refresh()V+45
j  org.springframework.boot.context.embedded.EmbeddedWebApplicationContext.refresh()V+1
j  org.springframework.boot.SpringApplication.refresh(Lorg/springframework/context/ApplicationContext;)V+10
j  org.springframework.boot.SpringApplication.refreshContext(Lorg/springframework/context/ConfigurableApplicationContext;)V+2
j  org.springframework.boot.SpringApplication.run([Ljava/lang/String;)Lorg/springframework/context/ConfigurableApplicationContext;+91
j  org.springframework.boot.SpringApplication.run([Ljava/lang/Object;[Ljava/lang/String;)Lorg/springframework/context/ConfigurableApplicationContext;+9
j  org.springframework.boot.SpringApplication.run(Ljava/lang/Object;[Ljava/lang/String;)Lorg/springframework/context/ConfigurableApplicationContext;+9
j  Application.main([Ljava/lang/String;)V+3
v  ~StubRoutines::call_stub

---------------  P R O C E S S  ---------------

Threads class SMR info:
_java_thread_list=0x000002302ee82990, length=13, elements={
0x000002300e8a2800, 0x000002302cd70800, 0x000002302cd71800, 0x000002302cd8f000,
0x000002302cd90000, 0x000002302cd92000, 0x000002302cd9f800, 0x000002302d785000,
0x000002302d977000, 0x000002302d977800, 0x000002302de5b800, 0x000002302e1fa800,
0x000002302e2ba800
}

Java Threads: ( => current thread )
=>0x000002300e8a2800 JavaThread "main" [_thread_in_vm, id=2712, stack(0x00000095d3400000,0x00000095d3500000)]
  0x000002302cd70800 JavaThread "Reference Handler" daemon [_thread_blocked, id=8388, stack(0x00000095d3b00000,0x00000095d3c00000)]
  0x000002302cd71800 JavaThread "Finalizer" daemon [_thread_blocked, id=14564, stack(0x00000095d3c00000,0x00000095d3d00000)]
  0x000002302cd8f000 JavaThread "Signal Dispatcher" daemon [_thread_blocked, id=9196, stack(0x00000095d3d00000,0x00000095d3e00000)]
  0x000002302cd90000 JavaThread "Attach Listener" daemon [_thread_blocked, id=14076, stack(0x00000095d3e00000,0x00000095d3f00000)]
  0x000002302cd92000 JavaThread "C1 CompilerThread0" daemon [_thread_blocked, id=7464, stack(0x00000095d3f00000,0x00000095d4000000)]
  0x000002302cd9f800 JavaThread "Sweeper thread" daemon [_thread_blocked, id=13660, stack(0x00000095d4000000,0x00000095d4100000)]
  0x000002302d785000 JavaThread "Common-Cleaner" daemon [_thread_blocked, id=8688, stack(0x00000095d4100000,0x00000095d4200000)]
  0x000002302d977000 JavaThread "Monitor Ctrl-Break" daemon [_thread_in_native, id=11756, stack(0x00000095d4200000,0x00000095d4300000)]
  0x000002302d977800 JavaThread "Service Thread" daemon [_thread_blocked, id=2948, stack(0x00000095d4300000,0x00000095d4400000)]
  0x000002302de5b800 JavaThread "RMI TCP Accept-0" daemon [_thread_in_native, id=5492, stack(0x00000095d4400000,0x00000095d4500000)]
  0x000002302e1fa800 JavaThread "RMI TCP Connection(1)-192.168.1.216" daemon [_thread_blocked, id=3556, stack(0x00000095d4900000,0x00000095d4a00000)]
  0x000002302e2ba800 JavaThread "RMI Scheduler(0)" daemon [_thread_blocked, id=7180, stack(0x00000095d4a00000,0x00000095d4b00000)]

Other Threads:
  0x000002302cd6c000 VMThread "VM Thread" [stack: 0x00000095d3a00000,0x00000095d3b00000] [id=15388]
  0x000002302de5c800 WatcherThread [stack: 0x00000095d4500000,0x00000095d4600000] [id=11988]
  0x000002300e8e0800 GCTaskThread "GC Thread#0" [stack: 0x00000095d3500000,0x00000095d3600000] [id=14560]
  0x000002302e1ec000 GCTaskThread "GC Thread#1" [stack: 0x00000095d4600000,0x00000095d4700000] [id=15616]
  0x000002302e1f1000 GCTaskThread "GC Thread#2" [stack: 0x00000095d4700000,0x00000095d4800000] [id=14388]
  0x000002302e3ca800 GCTaskThread "GC Thread#3" [stack: 0x00000095d4c00000,0x00000095d4d00000] [id=8272]
  0x000002300e8ef800 ConcurrentGCThread "G1 Main Marker" [stack: 0x00000095d3600000,0x00000095d3700000] [id=13556]
  0x000002300e8f1000 ConcurrentGCThread "G1 Conc#0" [stack: 0x00000095d3700000,0x00000095d3800000] [id=15660]
  0x000002302cbf2800 ConcurrentGCThread "G1 Refine#0" [stack: 0x00000095d3800000,0x00000095d3900000] [id=15332]
  0x000002302d947800 ConcurrentGCThread "G1 Refine#1" [stack: 0x00000095d4800000,0x00000095d4900000] [id=9516]
  0x000002300e96a000 ConcurrentGCThread "G1 Young RemSet Sampling" [stack: 0x00000095d3900000,0x00000095d3a00000] [id=15508]

Threads with active compile tasks:

VM state:synchronizing (normal execution)

VM Mutex/Monitor currently owned by a thread:  ([mutex/lock_event])
[0x000002300e89e780] Threads_lock - owner thread: 0x000002302cd6c000
[0x000002300e89d730] Heap_lock - owner thread: 0x000002300e8ef800

Heap address: 0x0000000080000000, size: 2048 MB, Compressed Oops mode: 32-bit
Narrow klass base: 0x0000000800000000, Narrow klass shift: 3
Compressed class space size: 1073741824 Address: 0x00000008011a0000

Heap:
 garbage-first heap   total 157696K, used 14421K [0x0000000080000000, 0x0000000100000000)
  region size 1024K, 9 young (9216K), 8 survivors (8192K)
 Metaspace       used 20716K, capacity 21227K, committed 21552K, reserved 1069056K
  class space    used 2687K, capacity 2884K, committed 2944K, reserved 1048576K
Heap Regions: E=young(eden), S=young(survivor), O=old, HS=humongous(starts), HC=humongous(continues), CS=collection set, F=free, A=archive, TAMS=top-at-mark-start (previous, next)
|   0|0x0000000080000000, 0x0000000080100000, 0x0000000080100000|100%| O|  |TAMS 0x0000000080000000, 0x0000000080100000| Untracked 
|   1|0x0000000080100000, 0x0000000080200000, 0x0000000080200000|100%| O|  |TAMS 0x0000000080100000, 0x0000000080200000| Untracked 
|   2|0x0000000080200000, 0x0000000080300000, 0x0000000080300000|100%| O|  |TAMS 0x0000000080200000, 0x0000000080300000| Untracked 
|   3|0x0000000080300000, 0x0000000080400000, 0x0000000080400000|100%| O|  |TAMS 0x0000000080300000, 0x0000000080400000| Untracked 
|   4|0x0000000080400000, 0x0000000080500000, 0x0000000080500000|100%| O|  |TAMS 0x0000000080400000, 0x0000000080486e00| Untracked 
|   5|0x0000000080500000, 0x0000000080600000, 0x0000000080600000|100%| O|  |TAMS 0x0000000080500000, 0x0000000080500000| Untracked 
|   6|0x0000000080600000, 0x0000000080615600, 0x0000000080700000|  8%| O|  |TAMS 0x0000000080600000, 0x0000000080600000| Untracked 
|   7|0x0000000080700000, 0x0000000080700000, 0x0000000080800000|  0%| F|  |TAMS 0x0000000080700000, 0x0000000080700000| Untracked 
|   8|0x0000000080800000, 0x0000000080800000, 0x0000000080900000|  0%| F|  |TAMS 0x0000000080800000, 0x0000000080800000| Untracked 
|   9|0x0000000080900000, 0x0000000080900000, 0x0000000080a00000|  0%| F|  |TAMS 0x0000000080900000, 0x0000000080900000| Untracked 
|  10|0x0000000080a00000, 0x0000000080a00000, 0x0000000080b00000|  0%| F|  |TAMS 0x0000000080a00000, 0x0000000080a00000| Untracked 
|  11|0x0000000080b00000, 0x0000000080b00000, 0x0000000080c00000|  0%| F|  |TAMS 0x0000000080b00000, 0x0000000080b00000| Untracked 
|  12|0x0000000080c00000, 0x0000000080c00000, 0x0000000080d00000|  0%| F|  |TAMS 0x0000000080c00000, 0x0000000080c00000| Untracked 
|  13|0x0000000080d00000, 0x0000000080d00000, 0x0000000080e00000|  0%| F|  |TAMS 0x0000000080d00000, 0x0000000080d00000| Untracked 
|  14|0x0000000080e00000, 0x0000000080e00000, 0x0000000080f00000|  0%| F|  |TAMS 0x0000000080e00000, 0x0000000080e00000| Untracked 
|  15|0x0000000080f00000, 0x0000000080f00000, 0x0000000081000000|  0%| F|  |TAMS 0x0000000080f00000, 0x0000000080f00000| Untracked 
|  16|0x0000000081000000, 0x0000000081000000, 0x0000000081100000|  0%| F|  |TAMS 0x0000000081000000, 0x0000000081000000| Untracked 
|  17|0x0000000081100000, 0x0000000081100000, 0x0000000081200000|  0%| F|  |TAMS 0x0000000081100000, 0x0000000081100000| Untracked 
|  18|0x0000000081200000, 0x0000000081200000, 0x0000000081300000|  0%| F|  |TAMS 0x0000000081200000, 0x0000000081200000| Untracked 
|  19|0x0000000081300000, 0x0000000081300000, 0x0000000081400000|  0%| F|  |TAMS 0x0000000081300000, 0x0000000081300000| Untracked 
|  20|0x0000000081400000, 0x0000000081400000, 0x0000000081500000|  0%| F|  |TAMS 0x0000000081400000, 0x0000000081400000| Untracked 
|  21|0x0000000081500000, 0x0000000081500000, 0x0000000081600000|  0%| F|  |TAMS 0x0000000081500000, 0x0000000081500000| Untracked 
|  22|0x0000000081600000, 0x0000000081600000, 0x0000000081700000|  0%| F|  |TAMS 0x0000000081600000, 0x0000000081600000| Untracked 
|  23|0x0000000081700000, 0x0000000081700000, 0x0000000081800000|  0%| F|  |TAMS 0x0000000081700000, 0x0000000081700000| Untracked 
|  24|0x0000000081800000, 0x0000000081800000, 0x0000000081900000|  0%| F|  |TAMS 0x0000000081800000, 0x0000000081800000| Untracked 
|  25|0x0000000081900000, 0x0000000081900000, 0x0000000081a00000|  0%| F|  |TAMS 0x0000000081900000, 0x0000000081900000| Untracked 
|  26|0x0000000081a00000, 0x0000000081a00000, 0x0000000081b00000|  0%| F|  |TAMS 0x0000000081a00000, 0x0000000081a00000| Untracked 
|  27|0x0000000081b00000, 0x0000000081b00000, 0x0000000081c00000|  0%| F|  |TAMS 0x0000000081b00000, 0x0000000081b00000| Untracked 
|  28|0x0000000081c00000, 0x0000000081c00000, 0x0000000081d00000|  0%| F|  |TAMS 0x0000000081c00000, 0x0000000081c00000| Untracked 
|  29|0x0000000081d00000, 0x0000000081d00000, 0x0000000081e00000|  0%| F|  |TAMS 0x0000000081d00000, 0x0000000081d00000| Untracked 
|  30|0x0000000081e00000, 0x0000000081e00000, 0x0000000081f00000|  0%| F|  |TAMS 0x0000000081e00000, 0x0000000081e00000| Untracked 
|  31|0x0000000081f00000, 0x0000000081f00000, 0x0000000082000000|  0%| F|  |TAMS 0x0000000081f00000, 0x0000000081f00000| Untracked 
|  32|0x0000000082000000, 0x0000000082000000, 0x0000000082100000|  0%| F|  |TAMS 0x0000000082000000, 0x0000000082000000| Untracked 
|  33|0x0000000082100000, 0x0000000082100000, 0x0000000082200000|  0%| F|  |TAMS 0x0000000082100000, 0x0000000082100000| Untracked 
|  34|0x0000000082200000, 0x0000000082200000, 0x0000000082300000|  0%| F|  |TAMS 0x0000000082200000, 0x0000000082200000| Untracked 
|  35|0x0000000082300000, 0x0000000082300000, 0x0000000082400000|  0%| F|  |TAMS 0x0000000082300000, 0x0000000082300000| Untracked 
|  36|0x0000000082400000, 0x0000000082400000, 0x0000000082500000|  0%| F|  |TAMS 0x0000000082400000, 0x0000000082400000| Untracked 
|  37|0x0000000082500000, 0x0000000082500000, 0x0000000082600000|  0%| F|  |TAMS 0x0000000082500000, 0x0000000082500000| Untracked 
|  38|0x0000000082600000, 0x0000000082600000, 0x0000000082700000|  0%| F|  |TAMS 0x0000000082600000, 0x0000000082600000| Untracked 
|  39|0x0000000082700000, 0x0000000082700000, 0x0000000082800000|  0%| F|  |TAMS 0x0000000082700000, 0x0000000082700000| Untracked 
|  40|0x0000000082800000, 0x0000000082800000, 0x0000000082900000|  0%| F|  |TAMS 0x0000000082800000, 0x0000000082800000| Untracked 
|  41|0x0000000082900000, 0x0000000082900000, 0x0000000082a00000|  0%| F|  |TAMS 0x0000000082900000, 0x0000000082900000| Untracked 
|  42|0x0000000082a00000, 0x0000000082a00000, 0x0000000082b00000|  0%| F|  |TAMS 0x0000000082a00000, 0x0000000082a00000| Untracked 
|  43|0x0000000082b00000, 0x0000000082b00000, 0x0000000082c00000|  0%| F|  |TAMS 0x0000000082b00000, 0x0000000082b00000| Untracked 
|  44|0x0000000082c00000, 0x0000000082c00000, 0x0000000082d00000|  0%| F|  |TAMS 0x0000000082c00000, 0x0000000082c00000| Untracked 
|  45|0x0000000082d00000, 0x0000000082d00000, 0x0000000082e00000|  0%| F|  |TAMS 0x0000000082d00000, 0x0000000082d00000| Untracked 
|  46|0x0000000082e00000, 0x0000000082e00000, 0x0000000082f00000|  0%| F|  |TAMS 0x0000000082e00000, 0x0000000082e00000| Untracked 
|  47|0x0000000082f00000, 0x0000000082f00000, 0x0000000083000000|  0%| F|  |TAMS 0x0000000082f00000, 0x0000000082f00000| Untracked 
|  48|0x0000000083000000, 0x0000000083000000, 0x0000000083100000|  0%| F|  |TAMS 0x0000000083000000, 0x0000000083000000| Untracked 
|  49|0x0000000083100000, 0x0000000083100000, 0x0000000083200000|  0%| F|  |TAMS 0x0000000083100000, 0x0000000083100000| Untracked 
|  50|0x0000000083200000, 0x0000000083200000, 0x0000000083300000|  0%| F|  |TAMS 0x0000000083200000, 0x0000000083200000| Untracked 
|  51|0x0000000083300000, 0x0000000083300000, 0x0000000083400000|  0%| F|  |TAMS 0x0000000083300000, 0x0000000083300000| Untracked 
|  52|0x0000000083400000, 0x0000000083400000, 0x0000000083500000|  0%| F|  |TAMS 0x0000000083400000, 0x0000000083400000| Untracked 
|  53|0x0000000083500000, 0x0000000083500000, 0x0000000083600000|  0%| F|  |TAMS 0x0000000083500000, 0x0000000083500000| Untracked 
|  54|0x0000000083600000, 0x0000000083600000, 0x0000000083700000|  0%| F|  |TAMS 0x0000000083600000, 0x0000000083600000| Untracked 
|  55|0x0000000083700000, 0x0000000083700000, 0x0000000083800000|  0%| F|  |TAMS 0x0000000083700000, 0x0000000083700000| Untracked 
|  56|0x0000000083800000, 0x0000000083800000, 0x0000000083900000|  0%| F|  |TAMS 0x0000000083800000, 0x0000000083800000| Untracked 
|  57|0x0000000083900000, 0x0000000083900000, 0x0000000083a00000|  0%| F|  |TAMS 0x0000000083900000, 0x0000000083900000| Untracked 
|  58|0x0000000083a00000, 0x0000000083a00000, 0x0000000083b00000|  0%| F|  |TAMS 0x0000000083a00000, 0x0000000083a00000| Untracked 
|  59|0x0000000083b00000, 0x0000000083b00000, 0x0000000083c00000|  0%| F|  |TAMS 0x0000000083b00000, 0x0000000083b00000| Untracked 
|  60|0x0000000083c00000, 0x0000000083c00000, 0x0000000083d00000|  0%| F|  |TAMS 0x0000000083c00000, 0x0000000083c00000| Untracked 
|  61|0x0000000083d00000, 0x0000000083d00000, 0x0000000083e00000|  0%| F|  |TAMS 0x0000000083d00000, 0x0000000083d00000| Untracked 
|  62|0x0000000083e00000, 0x0000000083e00000, 0x0000000083f00000|  0%| F|  |TAMS 0x0000000083e00000, 0x0000000083e00000| Untracked 
|  63|0x0000000083f00000, 0x0000000083f00000, 0x0000000084000000|  0%| F|  |TAMS 0x0000000083f00000, 0x0000000083f00000| Untracked 
|  64|0x0000000084000000, 0x0000000084000000, 0x0000000084100000|  0%| F|  |TAMS 0x0000000084000000, 0x0000000084000000| Untracked 
|  65|0x0000000084100000, 0x0000000084100000, 0x0000000084200000|  0%| F|  |TAMS 0x0000000084100000, 0x0000000084100000| Untracked 
|  66|0x0000000084200000, 0x0000000084200000, 0x0000000084300000|  0%| F|  |TAMS 0x0000000084200000, 0x0000000084200000| Untracked 
|  67|0x0000000084300000, 0x0000000084300000, 0x0000000084400000|  0%| F|  |TAMS 0x0000000084300000, 0x0000000084300000| Untracked 
|  68|0x0000000084400000, 0x0000000084400000, 0x0000000084500000|  0%| F|  |TAMS 0x0000000084400000, 0x0000000084400000| Untracked 
|  69|0x0000000084500000, 0x0000000084500000, 0x0000000084600000|  0%| F|  |TAMS 0x0000000084500000, 0x0000000084500000| Untracked 
|  70|0x0000000084600000, 0x0000000084600000, 0x0000000084700000|  0%| F|  |TAMS 0x0000000084600000, 0x0000000084600000| Untracked 
|  71|0x0000000084700000, 0x0000000084700000, 0x0000000084800000|  0%| F|  |TAMS 0x0000000084700000, 0x0000000084700000| Untracked 
|  72|0x0000000084800000, 0x0000000084800000, 0x0000000084900000|  0%| F|  |TAMS 0x0000000084800000, 0x0000000084800000| Untracked 
|  73|0x0000000084900000, 0x0000000084900000, 0x0000000084a00000|  0%| F|  |TAMS 0x0000000084900000, 0x0000000084900000| Untracked 
|  74|0x0000000084a00000, 0x0000000084a00000, 0x0000000084b00000|  0%| F|  |TAMS 0x0000000084a00000, 0x0000000084a00000| Untracked 
|  75|0x0000000084b00000, 0x0000000084b00000, 0x0000000084c00000|  0%| F|  |TAMS 0x0000000084b00000, 0x0000000084b00000| Untracked 
|  76|0x0000000084c00000, 0x0000000084c00000, 0x0000000084d00000|  0%| F|  |TAMS 0x0000000084c00000, 0x0000000084c00000| Untracked 
|  77|0x0000000084d00000, 0x0000000084d00000, 0x0000000084e00000|  0%| F|  |TAMS 0x0000000084d00000, 0x0000000084d00000| Untracked 
|  78|0x0000000084e00000, 0x0000000084e00000, 0x0000000084f00000|  0%| F|  |TAMS 0x0000000084e00000, 0x0000000084e00000| Untracked 
|  79|0x0000000084f00000, 0x0000000084f00000, 0x0000000085000000|  0%| F|  |TAMS 0x0000000084f00000, 0x0000000084f00000| Untracked 
|  80|0x0000000085000000, 0x0000000085000000, 0x0000000085100000|  0%| F|  |TAMS 0x0000000085000000, 0x0000000085000000| Untracked 
|  81|0x0000000085100000, 0x0000000085100000, 0x0000000085200000|  0%| F|  |TAMS 0x0000000085100000, 0x0000000085100000| Untracked 
|  82|0x0000000085200000, 0x0000000085200000, 0x0000000085300000|  0%| F|  |TAMS 0x0000000085200000, 0x0000000085200000| Untracked 
|  83|0x0000000085300000, 0x0000000085300000, 0x0000000085400000|  0%| F|  |TAMS 0x0000000085300000, 0x0000000085300000| Untracked 
|  84|0x0000000085400000, 0x0000000085500000, 0x0000000085500000|100%| S|CS|TAMS 0x0000000085400000, 0x0000000085400000| Complete 
|  85|0x0000000085500000, 0x0000000085600000, 0x0000000085600000|100%| S|CS|TAMS 0x0000000085500000, 0x0000000085500000| Complete 
|  86|0x0000000085600000, 0x0000000085700000, 0x0000000085700000|100%| S|CS|TAMS 0x0000000085600000, 0x0000000085600000| Complete 
|  87|0x0000000085700000, 0x0000000085800000, 0x0000000085800000|100%| S|CS|TAMS 0x0000000085700000, 0x0000000085700000| Complete 
|  88|0x0000000085800000, 0x0000000085900000, 0x0000000085900000|100%| S|CS|TAMS 0x0000000085800000, 0x0000000085800000| Complete 
|  89|0x0000000085900000, 0x0000000085a00000, 0x0000000085a00000|100%| S|CS|TAMS 0x0000000085900000, 0x0000000085900000| Complete 
|  90|0x0000000085a00000, 0x0000000085b00000, 0x0000000085b00000|100%| S|CS|TAMS 0x0000000085a00000, 0x0000000085a00000| Complete 
|  91|0x0000000085b00000, 0x0000000085c00000, 0x0000000085c00000|100%| S|CS|TAMS 0x0000000085b00000, 0x0000000085b00000| Complete 
|  92|0x0000000085c00000, 0x0000000085c00000, 0x0000000085d00000|  0%| F|  |TAMS 0x0000000085c00000, 0x0000000085c00000| Untracked 
|  93|0x0000000085d00000, 0x0000000085d00000, 0x0000000085e00000|  0%| F|  |TAMS 0x0000000085d00000, 0x0000000085d00000| Untracked 
|  94|0x0000000085e00000, 0x0000000085e00000, 0x0000000085f00000|  0%| F|  |TAMS 0x0000000085e00000, 0x0000000085e00000| Untracked 
|  95|0x0000000085f00000, 0x0000000085f00000, 0x0000000086000000|  0%| F|  |TAMS 0x0000000085f00000, 0x0000000085f00000| Untracked 
|  96|0x0000000086000000, 0x0000000086000000, 0x0000000086100000|  0%| F|  |TAMS 0x0000000086000000, 0x0000000086000000| Untracked 
|  97|0x0000000086100000, 0x0000000086100000, 0x0000000086200000|  0%| F|  |TAMS 0x0000000086100000, 0x0000000086100000| Untracked 
|  98|0x0000000086200000, 0x0000000086200000, 0x0000000086300000|  0%| F|  |TAMS 0x0000000086200000, 0x0000000086200000| Untracked 
|  99|0x0000000086300000, 0x0000000086300000, 0x0000000086400000|  0%| F|  |TAMS 0x0000000086300000, 0x0000000086300000| Untracked 
| 100|0x0000000086400000, 0x0000000086400000, 0x0000000086500000|  0%| F|  |TAMS 0x0000000086400000, 0x0000000086400000| Untracked 
| 101|0x0000000086500000, 0x0000000086500000, 0x0000000086600000|  0%| F|  |TAMS 0x0000000086500000, 0x0000000086500000| Untracked 
| 102|0x0000000086600000, 0x0000000086600000, 0x0000000086700000|  0%| F|  |TAMS 0x0000000086600000, 0x0000000086600000| Untracked 
| 103|0x0000000086700000, 0x0000000086700000, 0x0000000086800000|  0%| F|  |TAMS 0x0000000086700000, 0x0000000086700000| Untracked 
| 104|0x0000000086800000, 0x0000000086800000, 0x0000000086900000|  0%| F|  |TAMS 0x0000000086800000, 0x0000000086800000| Untracked 
| 105|0x0000000086900000, 0x0000000086900000, 0x0000000086a00000|  0%| F|  |TAMS 0x0000000086900000, 0x0000000086900000| Untracked 
| 106|0x0000000086a00000, 0x0000000086a00000, 0x0000000086b00000|  0%| F|  |TAMS 0x0000000086a00000, 0x0000000086a00000| Untracked 
| 107|0x0000000086b00000, 0x0000000086b00000, 0x0000000086c00000|  0%| F|  |TAMS 0x0000000086b00000, 0x0000000086b00000| Untracked 
| 108|0x0000000086c00000, 0x0000000086c00000, 0x0000000086d00000|  0%| F|  |TAMS 0x0000000086c00000, 0x0000000086c00000| Untracked 
| 109|0x0000000086d00000, 0x0000000086d00000, 0x0000000086e00000|  0%| F|  |TAMS 0x0000000086d00000, 0x0000000086d00000| Untracked 
| 110|0x0000000086e00000, 0x0000000086e00000, 0x0000000086f00000|  0%| F|  |TAMS 0x0000000086e00000, 0x0000000086e00000| Untracked 
| 111|0x0000000086f00000, 0x0000000086f00000, 0x0000000087000000|  0%| F|  |TAMS 0x0000000086f00000, 0x0000000086f00000| Untracked 
| 112|0x0000000087000000, 0x0000000087000000, 0x0000000087100000|  0%| F|  |TAMS 0x0000000087000000, 0x0000000087000000| Untracked 
| 113|0x0000000087100000, 0x0000000087100000, 0x0000000087200000|  0%| F|  |TAMS 0x0000000087100000, 0x0000000087100000| Untracked 
| 114|0x0000000087200000, 0x0000000087200000, 0x0000000087300000|  0%| F|  |TAMS 0x0000000087200000, 0x0000000087200000| Untracked 
| 115|0x0000000087300000, 0x0000000087300000, 0x0000000087400000|  0%| F|  |TAMS 0x0000000087300000, 0x0000000087300000| Untracked 
| 116|0x0000000087400000, 0x0000000087400000, 0x0000000087500000|  0%| F|  |TAMS 0x0000000087400000, 0x0000000087400000| Untracked 
| 117|0x0000000087500000, 0x0000000087500000, 0x0000000087600000|  0%| F|  |TAMS 0x0000000087500000, 0x0000000087500000| Untracked 
| 118|0x0000000087600000, 0x0000000087600000, 0x0000000087700000|  0%| F|  |TAMS 0x0000000087600000, 0x0000000087600000| Untracked 
| 119|0x0000000087700000, 0x0000000087700000, 0x0000000087800000|  0%| F|  |TAMS 0x0000000087700000, 0x0000000087700000| Untracked 
| 120|0x0000000087800000, 0x0000000087800000, 0x0000000087900000|  0%| F|  |TAMS 0x0000000087800000, 0x0000000087800000| Untracked 
| 121|0x0000000087900000, 0x0000000087900000, 0x0000000087a00000|  0%| F|  |TAMS 0x0000000087900000, 0x0000000087900000| Untracked 
| 122|0x0000000087a00000, 0x0000000087a00000, 0x0000000087b00000|  0%| F|  |TAMS 0x0000000087a00000, 0x0000000087a00000| Untracked 
| 123|0x0000000087b00000, 0x0000000087b00000, 0x0000000087c00000|  0%| F|  |TAMS 0x0000000087b00000, 0x0000000087b00000| Untracked 
| 124|0x0000000087c00000, 0x0000000087c00000, 0x0000000087d00000|  0%| F|  |TAMS 0x0000000087c00000, 0x0000000087c00000| Untracked 
| 125|0x0000000087d00000, 0x0000000087d00000, 0x0000000087e00000|  0%| F|  |TAMS 0x0000000087d00000, 0x0000000087d00000| Untracked 
| 126|0x0000000087e00000, 0x0000000087e00000, 0x0000000087f00000|  0%| F|  |TAMS 0x0000000087e00000, 0x0000000087e00000| Untracked 
| 127|0x0000000087f00000, 0x0000000087f00000, 0x0000000088000000|  0%| F|  |TAMS 0x0000000087f00000, 0x0000000087f00000| Untracked 
| 128|0x0000000088000000, 0x0000000088000000, 0x0000000088100000|  0%| F|  |TAMS 0x0000000088000000, 0x0000000088000000| Untracked 
| 129|0x0000000088100000, 0x0000000088100000, 0x0000000088200000|  0%| F|  |TAMS 0x0000000088100000, 0x0000000088100000| Untracked 
| 130|0x0000000088200000, 0x0000000088200000, 0x0000000088300000|  0%| F|  |TAMS 0x0000000088200000, 0x0000000088200000| Untracked 
| 131|0x0000000088300000, 0x0000000088300000, 0x0000000088400000|  0%| F|  |TAMS 0x0000000088300000, 0x0000000088300000| Untracked 
| 132|0x0000000088400000, 0x0000000088400000, 0x0000000088500000|  0%| F|  |TAMS 0x0000000088400000, 0x0000000088400000| Untracked 
| 133|0x0000000088500000, 0x0000000088500000, 0x0000000088600000|  0%| F|  |TAMS 0x0000000088500000, 0x0000000088500000| Untracked 
| 134|0x0000000088600000, 0x0000000088600000, 0x0000000088700000|  0%| F|  |TAMS 0x0000000088600000, 0x0000000088600000| Untracked 
| 135|0x0000000088700000, 0x0000000088700000, 0x0000000088800000|  0%| F|  |TAMS 0x0000000088700000, 0x0000000088700000| Untracked 
| 136|0x0000000088800000, 0x0000000088800000, 0x0000000088900000|  0%| F|  |TAMS 0x0000000088800000, 0x0000000088800000| Untracked 
| 137|0x0000000088900000, 0x0000000088900000, 0x0000000088a00000|  0%| F|  |TAMS 0x0000000088900000, 0x0000000088900000| Untracked 
| 138|0x0000000088a00000, 0x0000000088a00000, 0x0000000088b00000|  0%| F|  |TAMS 0x0000000088a00000, 0x0000000088a00000| Untracked 
| 139|0x0000000088b00000, 0x0000000088b00000, 0x0000000088c00000|  0%| F|  |TAMS 0x0000000088b00000, 0x0000000088b00000| Untracked 
| 140|0x0000000088c00000, 0x0000000088c00000, 0x0000000088d00000|  0%| F|  |TAMS 0x0000000088c00000, 0x0000000088c00000| Untracked 
| 141|0x0000000088d00000, 0x0000000088d00000, 0x0000000088e00000|  0%| F|  |TAMS 0x0000000088d00000, 0x0000000088d00000| Untracked 
| 142|0x0000000088e00000, 0x0000000088e00000, 0x0000000088f00000|  0%| F|  |TAMS 0x0000000088e00000, 0x0000000088e00000| Untracked 
| 143|0x0000000088f00000, 0x0000000088f00000, 0x0000000089000000|  0%| F|  |TAMS 0x0000000088f00000, 0x0000000088f00000| Untracked 
| 144|0x0000000089000000, 0x0000000089000000, 0x0000000089100000|  0%| F|  |TAMS 0x0000000089000000, 0x0000000089000000| Untracked 
| 145|0x0000000089100000, 0x0000000089100000, 0x0000000089200000|  0%| F|  |TAMS 0x0000000089100000, 0x0000000089100000| Untracked 
| 146|0x0000000089200000, 0x0000000089200000, 0x0000000089300000|  0%| F|  |TAMS 0x0000000089200000, 0x0000000089200000| Untracked 
| 147|0x0000000089300000, 0x0000000089300000, 0x0000000089400000|  0%| F|  |TAMS 0x0000000089300000, 0x0000000089300000| Untracked 
| 148|0x0000000089400000, 0x0000000089400000, 0x0000000089500000|  0%| F|  |TAMS 0x0000000089400000, 0x0000000089400000| Untracked 
| 149|0x0000000089500000, 0x0000000089500000, 0x0000000089600000|  0%| F|  |TAMS 0x0000000089500000, 0x0000000089500000| Untracked 
| 150|0x0000000089600000, 0x0000000089600000, 0x0000000089700000|  0%| F|  |TAMS 0x0000000089600000, 0x0000000089600000| Untracked 
| 151|0x0000000089700000, 0x0000000089700000, 0x0000000089800000|  0%| F|  |TAMS 0x0000000089700000, 0x0000000089700000| Untracked 
| 152|0x0000000089800000, 0x0000000089800000, 0x0000000089900000|  0%| F|  |TAMS 0x0000000089800000, 0x0000000089800000| Untracked 
| 153|0x0000000089900000, 0x0000000089980000, 0x0000000089a00000| 50%| E|  |TAMS 0x0000000089900000, 0x0000000089900000| Complete 

Card table byte_map: [0x00000230260a0000,0x00000230264a0000] _byte_map_base: 0x0000023025ca0000

Marking Bits (Prev, Next): (CMBitMap*) 0x000002300e8e2998, (CMBitMap*) 0x000002300e8e29d8
 Prev Bits: [0x00000230268a0000, 0x00000230288a0000)
 Next Bits: [0x00000230288a0000, 0x000002302a8a0000)

Polling page: 0x000002300c820000

Metaspace:

Usage:
  Non-class:     17.91 MB capacity,    17.61 MB ( 98%) used,   261.34 KB (  1%) free+waste,    52.19 KB ( <1%) overhead. 
      Class:      2.82 MB capacity,     2.62 MB ( 93%) used,   171.07 KB (  6%) free+waste,    25.75 KB ( <1%) overhead. 
       Both:     20.73 MB capacity,    20.23 MB ( 98%) used,   432.41 KB (  2%) free+waste,    77.94 KB ( <1%) overhead. 

Virtual space:
  Non-class space:       20.00 MB reserved,      18.17 MB ( 91%) committed 
      Class space:        1.00 GB reserved,       2.88 MB ( <1%) committed 
             Both:        1.02 GB reserved,      21.05 MB (  2%) committed 

Chunk freelists:
   Non-Class:  9.13 KB
       Class:  3.50 KB
        Both:  12.63 KB

CodeHeap 'non-profiled nmethods': size=238912Kb used=5316Kb max_used=5316Kb free=233595Kb
 bounds [0x0000023017350000, 0x0000023017890000, 0x0000023025ca0000]
CodeHeap 'non-nmethods': size=6848Kb used=1165Kb max_used=1165Kb free=5682Kb
 bounds [0x0000023016ca0000, 0x0000023016f10000, 0x0000023017350000]
 total_blobs=3529 nmethods=3023 adapters=418
 compilation: enabled
              stopped_count=0, restarted_count=0
 full_count=0

Compilation events (10 events):
Event: 3.440 Thread 0x000002302cd92000 3020       1       org.apache.tomcat.util.modeler.FeatureInfo::getDescription (5 bytes)
Event: 3.440 Thread 0x000002302cd92000 nmethod 3020 0x000002301787fd90 code [0x000002301787ff40, 0x0000023017880078]
Event: 3.443 Thread 0x000002302cd92000 3021       1       com.sun.org.apache.xerces.internal.utils.XMLSecurityManager$Limit::equalsAPIPropertyName (17 bytes)
Event: 3.444 Thread 0x000002302cd92000 nmethod 3021 0x0000023017880110 code [0x00000230178802c0, 0x0000023017880430]
Event: 3.444 Thread 0x000002302cd92000 3022       1       com.sun.org.apache.xerces.internal.util.ParserConfigurationSettings::getProperty (20 bytes)
Event: 3.444 Thread 0x000002302cd92000 nmethod 3022 0x0000023017880510 code [0x00000230178806e0, 0x0000023017880890]
Event: 3.446 Thread 0x000002302cd92000 3023       1       ch.qos.logback.core.pattern.Converter::getNext (5 bytes)
Event: 3.447 Thread 0x000002302cd92000 nmethod 3023 0x0000023017880990 code [0x0000023017880b40, 0x0000023017880c78]
Event: 3.448 Thread 0x000002302cd92000 3024       1       ch.qos.logback.classic.selector.DefaultContextSelector::getDefaultLoggerContext (5 bytes)
Event: 3.448 Thread 0x000002302cd92000 nmethod 3024 0x0000023017880d10 code [0x0000023017880ec0, 0x0000023017880ff8]

GC Heap History (10 events):
Event: 1.137 GC heap before
{Heap before GC invocations=0 (full 0):
 garbage-first heap   total 131072K, used 14336K [0x0000000080000000, 0x0000000100000000)
  region size 1024K, 14 young (14336K), 0 survivors (0K)
 Metaspace       used 5714K, capacity 6109K, committed 6272K, reserved 1056768K
  class space    used 718K, capacity 810K, committed 896K, reserved 1048576K
}
Event: 1.147 GC heap after
{Heap after GC invocations=1 (full 0):
 garbage-first heap   total 131072K, used 4394K [0x0000000080000000, 0x0000000100000000)
  region size 1024K, 2 young (2048K), 2 survivors (2048K)
 Metaspace       used 5714K, capacity 6109K, committed 6272K, reserved 1056768K
  class space    used 718K, capacity 810K, committed 896K, reserved 1048576K
}
Event: 1.308 GC heap before
{Heap before GC invocations=1 (full 0):
 garbage-first heap   total 131072K, used 11562K [0x0000000080000000, 0x0000000100000000)
  region size 1024K, 9 young (9216K), 2 survivors (2048K)
 Metaspace       used 6913K, capacity 7241K, committed 7552K, reserved 1056768K
  class space    used 889K, capacity 1033K, committed 1152K, reserved 1048576K
}
Event: 1.313 GC heap after
{Heap after GC invocations=2 (full 0):
 garbage-first heap   total 131072K, used 5045K [0x0000000080000000, 0x0000000100000000)
  region size 1024K, 1 young (1024K), 1 survivors (1024K)
 Metaspace       used 6913K, capacity 7241K, committed 7552K, reserved 1056768K
  class space    used 889K, capacity 1033K, committed 1152K, reserved 1048576K
}
Event: 1.814 GC heap before
{Heap before GC invocations=2 (full 0):
 garbage-first heap   total 131072K, used 27573K [0x0000000080000000, 0x0000000100000000)
  region size 1024K, 24 young (24576K), 1 survivors (1024K)
 Metaspace       used 12469K, capacity 12916K, committed 13056K, reserved 1060864K
  class space    used 1620K, capacity 1784K, committed 1792K, reserved 1048576K
}
Event: 1.820 GC heap after
{Heap after GC invocations=3 (full 0):
 garbage-first heap   total 131072K, used 6171K [0x0000000080000000, 0x0000000100000000)
  region size 1024K, 2 young (2048K), 2 survivors (2048K)
 Metaspace       used 12469K, capacity 12916K, committed 13056K, reserved 1060864K
  class space    used 1620K, capacity 1784K, committed 1792K, reserved 1048576K
}
Event: 2.683 GC heap before
{Heap before GC invocations=3 (full 0):
 garbage-first heap   total 131072K, used 48155K [0x0000000080000000, 0x0000000100000000)
  region size 1024K, 44 young (45056K), 2 survivors (2048K)
 Metaspace       used 16698K, capacity 17232K, committed 17536K, reserved 1064960K
  class space    used 2183K, capacity 2366K, committed 2432K, reserved 1048576K
}
Event: 2.692 GC heap after
{Heap after GC invocations=4 (full 0):
 garbage-first heap   total 131072K, used 8682K [0x0000000080000000, 0x0000000100000000)
  region size 1024K, 4 young (4096K), 4 survivors (4096K)
 Metaspace       used 16698K, capacity 17232K, committed 17536K, reserved 1064960K
  class space    used 2183K, capacity 2366K, committed 2432K, reserved 1048576K
}
Event: 3.414 GC heap before
{Heap before GC invocations=4 (full 0):
 garbage-first heap   total 131072K, used 44522K [0x0000000080000000, 0x0000000100000000)
  region size 1024K, 40 young (40960K), 4 survivors (4096K)
 Metaspace       used 20660K, capacity 21163K, committed 21296K, reserved 1067008K
  class space    used 2681K, capacity 2884K, committed 2944K, reserved 1048576K
}
Event: 3.432 GC heap after
{Heap after GC invocations=5 (full 0):
 garbage-first heap   total 157696K, used 14421K [0x0000000080000000, 0x0000000100000000)
  region size 1024K, 8 young (8192K), 8 survivors (8192K)
 Metaspace       used 20660K, capacity 21163K, committed 21296K, reserved 1067008K
  class space    used 2681K, capacity 2884K, committed 2944K, reserved 1048576K
}

Deoptimization events (0 events):
No events

Classes redefined (0 events):
No events

Internal exceptions (10 events):
Event: 3.157 Thread 0x000002300e8a2800 Exception <a 'java/lang/ClassNotFoundException'{0x0000000086707630}: org/springframework/boot/autoconfigure/web/ErrorViewResolverCustomizer> (0x0000000086707630) thrown at [t:/workspace/open/src/hotspot/share/classfile/systemDictionary.cpp, line 235]
Event: 3.158 Thread 0x000002300e8a2800 Exception <a 'java/lang/ClassNotFoundException'{0x000000008670f730}: org/springframework/core/OrderedCustomizer> (0x000000008670f730) thrown at [t:/workspace/open/src/hotspot/share/classfile/systemDictionary.cpp, line 235]
Event: 3.167 Thread 0x000002300e8a2800 Exception <a 'java/lang/ClassNotFoundException'{0x0000000086775ae8}: java/lang/ObjectCustomizer> (0x0000000086775ae8) thrown at [t:/workspace/open/src/hotspot/share/classfile/systemDictionary.cpp, line 235]
Event: 3.168 Thread 0x000002300e8a2800 Exception <a 'java/lang/ClassNotFoundException'{0x0000000086780988}: org/springframework/boot/autoconfigure/web/ErrorMvcAutoConfigurationCustomizer> (0x0000000086780988) thrown at [t:/workspace/open/src/hotspot/share/classfile/systemDictionary.cpp, line 2
Event: 3.170 Thread 0x000002300e8a2800 Exception <a 'java/lang/ClassNotFoundException'{0x000000008679a420}: org/springframework/boot/autoconfigure/web/ErrorMvcAutoConfiguration$$EnhancerBySpringCGLIB$$b07fc28Customizer> (0x000000008679a420) thrown at [t:/workspace/open/src/hotspot/share/classf
Event: 3.171 Thread 0x000002300e8a2800 Exception <a 'java/lang/ClassNotFoundException'{0x00000000867aa060}: org/springframework/context/annotation/ConfigurationClassEnhancer$EnhancedConfigurationCustomizer> (0x00000000867aa060) thrown at [t:/workspace/open/src/hotspot/share/classfile/systemDic
Event: 3.175 Thread 0x000002300e8a2800 Exception <a 'java/lang/ClassNotFoundException'{0x0000000086616798}: java/lang/ObjectCustomizer> (0x0000000086616798) thrown at [t:/workspace/open/src/hotspot/share/classfile/systemDictionary.cpp, line 235]
Event: 3.176 Thread 0x000002300e8a2800 Exception <a 'java/lang/ClassNotFoundException'{0x00000000866222b8}: org/springframework/boot/autoconfigure/web/ErrorMvcAutoConfiguration$ErrorPageCustomizerCustomizer> (0x00000000866222b8) thrown at [t:/workspace/open/src/hotspot/share/classfile/systemDi
Event: 3.177 Thread 0x000002300e8a2800 Exception <a 'java/lang/ClassNotFoundException'{0x000000008662d008}: org/springframework/boot/web/servlet/ErrorPageRegistrarCustomizer> (0x000000008662d008) thrown at [t:/workspace/open/src/hotspot/share/classfile/systemDictionary.cpp, line 235]
Event: 3.177 Thread 0x000002300e8a2800 Exception <a 'java/lang/ClassNotFoundException'{0x0000000086633420}: org/springframework/core/OrderedCustomizer> (0x0000000086633420) thrown at [t:/workspace/open/src/hotspot/share/classfile/systemDictionary.cpp, line 235]

Events (10 events):
Event: 3.442 loading class org/apache/catalina/Executor
Event: 3.442 loading class org/apache/catalina/Executor done
Event: 3.443 Executing VM operation: RevokeBias
Event: 3.443 Executing VM operation: RevokeBias done
Event: 3.444 Executing VM operation: RevokeBias
Event: 3.444 Executing VM operation: RevokeBias done
Event: 3.444 Executing VM operation: RevokeBias
Event: 3.444 Executing VM operation: RevokeBias done
Event: 3.447 loading class org/apache/catalina/util/ServerInfo
Event: 3.447 loading class org/apache/catalina/util/ServerInfo done


Dynamic libraries:
0x00007ff74adf0000 - 0x00007ff74adff000 	C:\Program Files\Java\jdk-12.0.1\bin\java.exe
0x00007ffb58a30000 - 0x00007ffb58c1d000 	C:\WINDOWS\SYSTEM32\ntdll.dll
0x00007ffb58540000 - 0x00007ffb585f3000 	C:\WINDOWS\System32\KERNEL32.DLL
0x00007ffb550d0000 - 0x00007ffb55363000 	C:\WINDOWS\System32\KERNELBASE.dll
0x00007ffb55ae0000 - 0x00007ffb55bda000 	C:\WINDOWS\System32\ucrtbase.dll
0x00007ffb47740000 - 0x00007ffb47756000 	C:\Program Files\Java\jdk-12.0.1\bin\VCRUNTIME140.dll
0x00007ffb47760000 - 0x00007ffb47778000 	C:\Program Files\Java\jdk-12.0.1\bin\jli.dll
0x00007ffb56430000 - 0x00007ffb564d3000 	C:\WINDOWS\System32\ADVAPI32.dll
0x00007ffb587a0000 - 0x00007ffb5883e000 	C:\WINDOWS\System32\msvcrt.dll
0x00007ffb55d70000 - 0x00007ffb55e0e000 	C:\WINDOWS\System32\sechost.dll
0x00007ffb565c0000 - 0x00007ffb566e2000 	C:\WINDOWS\System32\RPCRT4.dll
0x00007ffb58270000 - 0x00007ffb58407000 	C:\WINDOWS\System32\USER32.dll
0x00007ffb54dd0000 - 0x00007ffb54df0000 	C:\WINDOWS\System32\win32u.dll
0x00007ffb56590000 - 0x00007ffb565b9000 	C:\WINDOWS\System32\GDI32.dll
0x00007ffb54ed0000 - 0x00007ffb5506a000 	C:\WINDOWS\System32\gdi32full.dll
0x00007ffb3cc30000 - 0x00007ffb3cea9000 	C:\WINDOWS\WinSxS\amd64_microsoft.windows.common-controls_6595b64144ccf1df_6.0.17763.437_none_05b63dca071e5dd6\COMCTL32.dll
0x00007ffb54d30000 - 0x00007ffb54dd0000 	C:\WINDOWS\System32\msvcp_win.dll
0x00007ffb55f70000 - 0x00007ffb5629c000 	C:\WINDOWS\System32\combase.dll
0x00007ffb55be0000 - 0x00007ffb55c5e000 	C:\WINDOWS\System32\bcryptPrimitives.dll
0x00007ffb4f9e0000 - 0x00007ffb4f9ea000 	C:\WINDOWS\SYSTEM32\VERSION.dll
0x00007ffb55e10000 - 0x00007ffb55e3e000 	C:\WINDOWS\System32\IMM32.DLL
0x00007ffb37f70000 - 0x00007ffb3801a000 	C:\Program Files\Java\jdk-12.0.1\bin\msvcp140.dll
0x00007ffb1f6f0000 - 0x00007ffb20264000 	C:\Program Files\Java\jdk-12.0.1\bin\server\jvm.dll
0x00007ffb55ce0000 - 0x00007ffb55ce8000 	C:\WINDOWS\System32\PSAPI.DLL
0x00007ffb2a9c0000 - 0x00007ffb2a9c9000 	C:\WINDOWS\SYSTEM32\WSOCK32.dll
0x00007ffb55d00000 - 0x00007ffb55d6d000 	C:\WINDOWS\System32\WS2_32.dll
0x00007ffb46480000 - 0x00007ffb464a4000 	C:\WINDOWS\SYSTEM32\WINMM.dll
0x00007ffb46450000 - 0x00007ffb4647d000 	C:\WINDOWS\SYSTEM32\winmmbase.dll
0x00007ffb54ce0000 - 0x00007ffb54d2a000 	C:\WINDOWS\System32\cfgmgr32.dll
0x00007ffb54a80000 - 0x00007ffb54a91000 	C:\WINDOWS\System32\kernel.appcore.dll
0x00007ffb46f20000 - 0x00007ffb46f31000 	C:\Program Files\Java\jdk-12.0.1\bin\verify.dll
0x00007ffb4f690000 - 0x00007ffb4f87d000 	C:\WINDOWS\SYSTEM32\DBGHELP.DLL
0x00007ffb4f4c0000 - 0x00007ffb4f4ea000 	C:\WINDOWS\SYSTEM32\dbgcore.DLL
0x00007ffb42550000 - 0x00007ffb42576000 	C:\Program Files\Java\jdk-12.0.1\bin\java.dll
0x00007ffb492e0000 - 0x00007ffb492ee000 	C:\Program Files\Java\jdk-12.0.1\bin\instrument.dll
0x00007ffb467d0000 - 0x00007ffb467e7000 	C:\Program Files\Java\jdk-12.0.1\bin\zip.dll
0x00007ffb46e20000 - 0x00007ffb46e2a000 	C:\Program Files\Java\jdk-12.0.1\bin\jimage.dll
0x00007ffb568a0000 - 0x00007ffb57d90000 	C:\WINDOWS\System32\SHELL32.dll
0x00007ffb58490000 - 0x00007ffb58538000 	C:\WINDOWS\System32\shcore.dll
0x00007ffb55390000 - 0x00007ffb55ada000 	C:\WINDOWS\System32\windows.storage.dll
0x00007ffb54a50000 - 0x00007ffb54a74000 	C:\WINDOWS\System32\profapi.dll
0x00007ffb54aa0000 - 0x00007ffb54afd000 	C:\WINDOWS\System32\powrprof.dll
0x00007ffb563d0000 - 0x00007ffb56422000 	C:\WINDOWS\System32\shlwapi.dll
0x00007ffb55370000 - 0x00007ffb55387000 	C:\WINDOWS\System32\cryptsp.dll
0x00007ffb42530000 - 0x00007ffb42549000 	C:\Program Files\Java\jdk-12.0.1\bin\net.dll
0x00007ffb50ed0000 - 0x00007ffb50fc1000 	C:\WINDOWS\SYSTEM32\WINHTTP.dll
0x00007ffb4c290000 - 0x00007ffb4c466000 	C:\WINDOWS\SYSTEM32\urlmon.dll
0x00007ffb4be50000 - 0x00007ffb4c0f8000 	C:\WINDOWS\SYSTEM32\iertutil.dll
0x00007ffb54420000 - 0x00007ffb5442c000 	C:\WINDOWS\SYSTEM32\CRYPTBASE.DLL
0x00007ffb54250000 - 0x00007ffb542b7000 	C:\WINDOWS\system32\mswsock.dll
0x00007ffb424c0000 - 0x00007ffb424d3000 	C:\Program Files\Java\jdk-12.0.1\bin\nio.dll
0x00007ffb40cb0000 - 0x00007ffb40cca000 	C:\Program Files\JetBrains\IntelliJ IDEA 2019.1\bin\breakgen64.dll
0x00007ffb53ff0000 - 0x00007ffb540b6000 	C:\WINDOWS\SYSTEM32\DNSAPI.dll
0x00007ffb58600000 - 0x00007ffb58608000 	C:\WINDOWS\System32\NSI.dll
0x00007ffb53fb0000 - 0x00007ffb53fed000 	C:\WINDOWS\SYSTEM32\IPHLPAPI.DLL
0x00007ffb4ca70000 - 0x00007ffb4ca7a000 	C:\Windows\System32\rasadhlp.dll
0x00007ffb4d810000 - 0x00007ffb4d889000 	C:\WINDOWS\System32\fwpuclnt.dll
0x00007ffb54ea0000 - 0x00007ffb54ec6000 	C:\WINDOWS\System32\bcrypt.dll
0x00007ffb46c90000 - 0x00007ffb46c99000 	C:\Program Files\Java\jdk-12.0.1\bin\management.dll
0x00007ffb492f0000 - 0x00007ffb492fc000 	C:\Program Files\Java\jdk-12.0.1\bin\management_ext.dll
0x00007ffb53e10000 - 0x00007ffb53e43000 	C:\WINDOWS\system32\rsaenh.dll
0x00007ffb54930000 - 0x00007ffb54958000 	C:\WINDOWS\SYSTEM32\USERENV.dll
0x00007ffb4f200000 - 0x00007ffb4f216000 	C:\WINDOWS\SYSTEM32\dhcpcsvc6.DLL
0x00007ffb4ef40000 - 0x00007ffb4ef5c000 	C:\WINDOWS\SYSTEM32\dhcpcsvc.DLL
0x00007ffb4b6e0000 - 0x00007ffb4b6f6000 	C:\WINDOWS\system32\napinsp.dll
0x00007ffb4b6c0000 - 0x00007ffb4b6da000 	C:\WINDOWS\system32\pnrpnsp.dll
0x00007ffb4b690000 - 0x00007ffb4b69e000 	C:\WINDOWS\System32\winrnr.dll
0x00007ffb4fac0000 - 0x00007ffb4fadb000 	C:\WINDOWS\system32\NLAapi.dll
0x00007ffb4b640000 - 0x00007ffb4b655000 	C:\WINDOWS\system32\wshbth.dll

dbghelp: loaded successfully - version: 4.0.5 - missing functions: none
symbol engine: initialized successfully - sym options: 0x614 - pdb path: .;C:\Program Files\Java\jdk-12.0.1\bin;C:\WINDOWS\SYSTEM32;C:\WINDOWS\WinSxS\amd64_microsoft.windows.common-controls_6595b64144ccf1df_6.0.17763.437_none_05b63dca071e5dd6;C:\Program Files\Java\jdk-12.0.1\bin\server;C:\Program Files\JetBrains\IntelliJ IDEA 2019.1\bin

VM Arguments:
jvm_args: -XX:TieredStopAtLevel=1 -Xverify:none -Dspring.output.ansi.enabled=always -Dcom.sun.management.jmxremote -Dspring.liveBeansView.mbeanDomain -Dspring.application.admin.enabled=true -javaagent:C:\Program Files\JetBrains\IntelliJ IDEA 2019.1\lib\idea_rt.jar=64307:C:\Program Files\JetBrains\IntelliJ IDEA 2019.1\bin -Dfile.encoding=UTF-8 
java_command: Application
java_class_path (initial): C:\Users\hohma\Desktop\web-socket-chat\target\classes;C:\Users\hohma\.m2\repository\org\springframework\boot\spring-boot-starter-websocket\1.5.8.RELEASE\spring-boot-starter-websocket-1.5.8.RELEASE.jar;C:\Users\hohma\.m2\repository\org\springframework\boot\spring-boot-starter\1.5.8.RELEASE\spring-boot-starter-1.5.8.RELEASE.jar;C:\Users\hohma\.m2\repository\org\springframework\boot\spring-boot\1.5.8.RELEASE\spring-boot-1.5.8.RELEASE.jar;C:\Users\hohma\.m2\repository\org\springframework\boot\spring-boot-autoconfigure\1.5.8.RELEASE\spring-boot-autoconfigure-1.5.8.RELEASE.jar;C:\Users\hohma\.m2\repository\org\springframework\boot\spring-boot-starter-logging\1.5.8.RELEASE\spring-boot-starter-logging-1.5.8.RELEASE.jar;C:\Users\hohma\.m2\repository\ch\qos\logback\logback-classic\1.1.11\logback-classic-1.1.11.jar;C:\Users\hohma\.m2\repository\ch\qos\logback\logback-core\1.1.11\logback-core-1.1.11.jar;C:\Users\hohma\.m2\repository\org\slf4j\jcl-over-slf4j\1.7.25\jcl-over-slf4j-1.7.25.jar;C:\Users\hohma\.m2\repository\org\slf4j\jul-to-slf4j\1.7.25\jul-to-slf4j-1.7.25.jar;C:\Users\hohma\.m2\repository\org\slf4j\log4j-over-slf4j\1.7.25\log4j-over-slf4j-1.7.25.jar;C:\Users\hohma\.m2\repository\org\yaml\snakeyaml\1.17\snakeyaml-1.17.jar;C:\Users\hohma\.m2\repository\org\springframework\boot\spring-boot-starter-web\1.5.8.RELEASE\spring-boot-starter-web-1.5.8.RELEASE.jar;C:\Users\hohma\.m2\repository\org\springframework\boot\spring-boot-starter-tomcat\1.5.8.RELEASE\spring-boot-starter-tomcat-1.5.8.RELEASE.jar;C:\Users\hohma\.m2\repository\org\apache\tomcat\embed\tomcat-embed-core\8.5.23\tomcat-embed-core-8.5.23.jar;C:\Users\hohma\.m2\repository\org\apache\tomcat\tomcat-annotations-api\8.5.23\tomcat-annotations-api-8.5.23.jar;C:\Users\hohma\.m2\repository\org\apache\tomcat\embed\tomcat-embed-el\8.5.23\tomcat-embed-el-8.5.23.jar;C:\Users\hohma\.m2\repository\org\apache\tomcat\embed\tomcat-embed-websocket\8.5.23\tomcat-embed-websocket-8.5.23.jar;C:\Users\ho
Launcher Type: SUN_STANDARD

[Global flags]
     bool BytecodeVerificationLocal                = false                                     {product} {command line}
     bool BytecodeVerificationRemote               = false                                     {product} {command line}
     intx CICompilerCount                          = 3                                         {product} {ergonomic}
     uint ConcGCThreads                            = 1                                         {product} {ergonomic}
     uint G1ConcRefinementThreads                  = 4                                         {product} {ergonomic}
   size_t G1HeapRegionSize                         = 1048576                                   {product} {ergonomic}
    uintx GCDrainStackTargetSize                   = 64                                        {product} {ergonomic}
   size_t InitialHeapSize                          = 134217728                                 {product} {ergonomic}
     bool ManagementServer                         = true                                      {product} {command line}
   size_t MarkStackSize                            = 4194304                                   {product} {ergonomic}
   size_t MaxHeapSize                              = 2147483648                                {product} {ergonomic}
   size_t MaxNewSize                               = 1287651328                                {product} {ergonomic}
   size_t MinHeapDeltaBytes                        = 1048576                                   {product} {ergonomic}
    uintx NonNMethodCodeHeapSize                   = 6973028                                {pd product} {ergonomic}
    uintx NonProfiledCodeHeapSize                  = 244685212                              {pd product} {ergonomic}
    uintx ProfiledCodeHeapSize                     = 0                                      {pd product} {ergonomic}
    uintx ReservedCodeCacheSize                    = 251658240                              {pd product} {ergonomic}
     bool SegmentedCodeCache                       = true                                      {product} {ergonomic}
     intx TieredStopAtLevel                        = 1                                         {product} {command line}
     bool UseCompressedClassPointers               = true                                 {lp64_product} {ergonomic}
     bool UseCompressedOops                        = true                                 {lp64_product} {ergonomic}
     bool UseG1GC                                  = true                                      {product} {ergonomic}
     bool UseLargePagesIndividualAllocation        = false                                  {pd product} {ergonomic}

Logging:
Log output configuration:
 #0: stdout all=warning uptime,level,tags
 #1: stderr all=off uptime,level,tags

Environment Variables:
JAVA_HOME=C:\Program Files\Java\jdk-12.0.1\
PATH=C:\WINDOWS\system32;C:\WINDOWS;C:\WINDOWS\System32\Wbem;C:\WINDOWS\System32\WindowsPowerShell\v1.0\;C:\Program Files\FileBot\;C:\WINDOWS\System32\OpenSSH\;C:\Program Files\Git\cmd;C:\Program Files\Java\jdk-12.0.1\bin;C:\Users\hohma\AppData\Local\Microsoft\WindowsApps;
USERNAME=hohma
OS=Windows_NT
PROCESSOR_IDENTIFIER=Intel64 Family 6 Model 23 Stepping 10, GenuineIntel



---------------  S Y S T E M  ---------------

OS: Windows 10 , 64 bit Build 17763 (10.0.17763.437)

CPU:total 4 (initial active 4) (4 cores per cpu, 1 threads per core) family 6 model 23 stepping 10, cmov, cx8, fxsr, mmx, sse, sse2, sse3, ssse3, sse4.1, tsc

Memory: 4k page, system-wide physical 8191M (1775M free)
TotalPageFile size 13106M (AvailPageFile size 2465M)
current process WorkingSet (physical memory assigned to process): 131M, peak: 131M
current process commit charge ("private bytes"): 260M, peak: 260M

vm_info: Java HotSpot(TM) 64-Bit Server VM (12.0.1+12) for windows-amd64 JRE (12.0.1+12), built on Apr  2 2019 14:02:19 by "mach5one" with MS VC++ 15.5 (VS2017)

END.
